2026-04-13 20:07:15,444 [trainer.py] => config: .\exps\tagfex_adsb_image.json
2026-04-13 20:07:15,470 [trainer.py] => prefix: adsb_image_tagfex
2026-04-13 20:07:15,487 [trainer.py] => dataset: adsb_image
2026-04-13 20:07:15,504 [trainer.py] => data_root: ./data/adsb_image
2026-04-13 20:07:15,520 [trainer.py] => train_data_file: train_data.npy
2026-04-13 20:07:15,537 [trainer.py] => train_label_file: train_label.npy
2026-04-13 20:07:15,553 [trainer.py] => test_data_file: test_data.npy
2026-04-13 20:07:15,571 [trainer.py] => test_label_file: test_label.npy
2026-04-13 20:07:15,587 [trainer.py] => image_size: 32
2026-04-13 20:07:15,604 [trainer.py] => num_channels: 3
2026-04-13 20:07:15,620 [trainer.py] => memory_size: 2000
2026-04-13 20:07:15,622 [trainer.py] => memory_per_class: 20
2026-04-13 20:07:15,624 [trainer.py] => fixed_memory: False
2026-04-13 20:07:15,625 [trainer.py] => shuffle: True
2026-04-13 20:07:15,626 [trainer.py] => init_cls: 50
2026-04-13 20:07:15,628 [trainer.py] => increment: 10
2026-04-13 20:07:15,629 [trainer.py] => model_name: tagfex
2026-04-13 20:07:15,631 [trainer.py] => convnet_type: resnet18
2026-04-13 20:07:15,632 [trainer.py] => device: [device(type='cuda', index=0)]
2026-04-13 20:07:15,634 [trainer.py] => seed: 1993
2026-04-13 20:07:15,635 [trainer.py] => init_interpolation_factor: 0.95
2026-04-13 20:07:15,636 [trainer.py] => infonce_temp: 0.2
2026-04-13 20:07:15,638 [trainer.py] => kd_temp: 2
2026-04-13 20:07:15,639 [trainer.py] => infonce_kd_temp: 0.2
2026-04-13 20:07:15,640 [trainer.py] => proj_hidden_dim: 2048
2026-04-13 20:07:15,642 [trainer.py] => proj_output_dim: 1024
2026-04-13 20:07:15,643 [trainer.py] => attn_num_heads: 8
2026-04-13 20:07:15,644 [trainer.py] => contrast_factor: 1
2026-04-13 20:07:15,646 [trainer.py] => trans_cls_factor: 1
2026-04-13 20:07:15,647 [trainer.py] => transfer_factor: 1
2026-04-13 20:07:15,649 [trainer.py] => aux_factor: 2
2026-04-13 20:07:15,650 [trainer.py] => contrast_kd_factor: 2
2026-04-13 20:07:15,651 [trainer.py] => aug: 2
2026-04-13 20:07:16,201 [data_manager.py] => [68, 56, 78, 8, 23, 84, 90, 65, 74, 76, 40, 89, 3, 92, 55, 9, 26, 80, 43, 38, 58, 70, 77, 1, 85, 19, 17, 50, 28, 53, 13, 81, 45, 82, 6, 59, 83, 16, 15, 44, 91, 41, 72, 60, 79, 52, 20, 10, 31, 54, 37, 95, 14, 71, 96, 98, 97, 2, 64, 66, 42, 22, 35, 86, 24, 34, 87, 21, 99, 0, 88, 27, 18, 94, 11, 12, 47, 25, 30, 46, 62, 69, 36, 61, 7, 63, 75, 5, 32, 4, 51, 48, 73, 93, 39, 67, 29, 49, 57, 33]
2026-04-13 20:07:19,308 [trainer.py] => All params: 14317632
2026-04-13 20:07:19,309 [trainer.py] => Trainable params: 14317632
2026-04-13 20:07:19,508 [tagfex.py] => Learning on 0-50
2026-04-13 20:07:19,511 [tagfex.py] => All params: 27139351
2026-04-13 20:07:19,513 [tagfex.py] => Trainable params: 27139351
2026-04-13 20:16:04,813 [trainer.py] => config: .\exps\tagfex_adsb_image.json
2026-04-13 20:16:04,814 [trainer.py] => prefix: adsb_image_tagfex
2026-04-13 20:16:04,815 [trainer.py] => dataset: adsb_image
2026-04-13 20:16:04,815 [trainer.py] => data_root: ./data/adsb_image
2026-04-13 20:16:04,816 [trainer.py] => train_data_file: train_data.npy
2026-04-13 20:16:04,817 [trainer.py] => train_label_file: train_label.npy
2026-04-13 20:16:04,818 [trainer.py] => test_data_file: test_data.npy
2026-04-13 20:16:04,818 [trainer.py] => test_label_file: test_label.npy
2026-04-13 20:16:04,819 [trainer.py] => image_size: 32
2026-04-13 20:16:04,819 [trainer.py] => num_channels: 3
2026-04-13 20:16:04,820 [trainer.py] => memory_size: 2000
2026-04-13 20:16:04,821 [trainer.py] => memory_per_class: 20
2026-04-13 20:16:04,821 [trainer.py] => fixed_memory: False
2026-04-13 20:16:04,823 [trainer.py] => shuffle: True
2026-04-13 20:16:04,824 [trainer.py] => init_cls: 50
2026-04-13 20:16:04,824 [trainer.py] => increment: 10
2026-04-13 20:16:04,825 [trainer.py] => model_name: tagfex
2026-04-13 20:16:04,825 [trainer.py] => convnet_type: resnet18
2026-04-13 20:16:04,826 [trainer.py] => device: [device(type='cuda', index=0)]
2026-04-13 20:16:04,827 [trainer.py] => seed: 1993
2026-04-13 20:16:04,827 [trainer.py] => init_interpolation_factor: 0.95
2026-04-13 20:16:04,828 [trainer.py] => infonce_temp: 0.2
2026-04-13 20:16:04,828 [trainer.py] => kd_temp: 2
2026-04-13 20:16:04,829 [trainer.py] => infonce_kd_temp: 0.2
2026-04-13 20:16:04,830 [trainer.py] => proj_hidden_dim: 2048
2026-04-13 20:16:04,830 [trainer.py] => proj_output_dim: 1024
2026-04-13 20:16:04,831 [trainer.py] => attn_num_heads: 8
2026-04-13 20:16:04,831 [trainer.py] => contrast_factor: 1
2026-04-13 20:16:04,832 [trainer.py] => trans_cls_factor: 1
2026-04-13 20:16:04,833 [trainer.py] => transfer_factor: 1
2026-04-13 20:16:04,833 [trainer.py] => aux_factor: 2
2026-04-13 20:16:04,834 [trainer.py] => contrast_kd_factor: 2
2026-04-13 20:16:04,834 [trainer.py] => aug: 2
2026-04-13 20:16:05,395 [data_manager.py] => [68, 56, 78, 8, 23, 84, 90, 65, 74, 76, 40, 89, 3, 92, 55, 9, 26, 80, 43, 38, 58, 70, 77, 1, 85, 19, 17, 50, 28, 53, 13, 81, 45, 82, 6, 59, 83, 16, 15, 44, 91, 41, 72, 60, 79, 52, 20, 10, 31, 54, 37, 95, 14, 71, 96, 98, 97, 2, 64, 66, 42, 22, 35, 86, 24, 34, 87, 21, 99, 0, 88, 27, 18, 94, 11, 12, 47, 25, 30, 46, 62, 69, 36, 61, 7, 63, 75, 5, 32, 4, 51, 48, 73, 93, 39, 67, 29, 49, 57, 33]
2026-04-13 20:16:08,647 [trainer.py] => All params: 14317632
2026-04-13 20:16:08,649 [trainer.py] => Trainable params: 14317632
2026-04-13 20:16:08,900 [tagfex.py] => Learning on 0-50
2026-04-13 20:16:08,902 [tagfex.py] => All params: 27139351
2026-04-13 20:16:08,903 [tagfex.py] => Trainable params: 27139351
2026-04-13 22:36:04,772 [tagfex.py] => Task 0, Epoch 200/200 => Loss 1.073, Train_accy 99.99
2026-04-13 22:36:04,774 [base.py] => Reducing exemplars...(40 per classes)
2026-04-13 22:36:04,776 [base.py] => Constructing exemplars...(40 per classes)
2026-04-13 23:02:41,738 [tagfex.py] => Exemplar size: 2000
2026-04-13 23:02:53,417 [trainer.py] => CNN: {'total': np.float64(91.65), '00-09': np.float64(94.81), '10-19': np.float64(92.6), '20-29': np.float64(90.12), '30-39': np.float64(90.22), '40-49': np.float64(90.52), 'old': 0, 'new': np.float64(91.65)}
2026-04-13 23:02:53,558 [trainer.py] => NME: {'total': np.float64(91.58), '00-09': np.float64(94.63), '10-19': np.float64(92.15), '20-29': np.float64(89.59), '30-39': np.float64(91.11), '40-49': np.float64(90.43), 'old': 0, 'new': np.float64(91.58)}
2026-04-13 23:02:53,700 [trainer.py] => CNN top1 curve: [np.float64(91.65)]
2026-04-13 23:02:53,767 [trainer.py] => CNN top5 curve: [np.float64(98.06)]
2026-04-13 23:02:53,769 [trainer.py] => NME top1 curve: [np.float64(91.58)]
2026-04-13 23:02:53,770 [trainer.py] => NME top5 curve: [np.float64(98.13)]

2026-04-13 23:02:53,772 [trainer.py] => Average Accuracy (CNN): 91.65
2026-04-13 23:02:53,773 [trainer.py] => Average Accuracy (NME): 91.58
2026-04-13 23:02:53,776 [trainer.py] => All params: 27139351
2026-04-13 23:02:53,779 [trainer.py] => Trainable params: 27139351
2026-04-13 23:02:54,039 [tagfex.py] => Learning on 50-60
2026-04-13 23:02:54,041 [tagfex.py] => All params: 38302993
2026-04-13 23:02:54,042 [tagfex.py] => Trainable params: 27134161
2026-04-14 00:56:10,771 [tagfex.py] => Task 1, Epoch 170/170 => Loss 2.332, Loss_clf 0.004, Loss_aux 0.000, Train_accy 100.00
2026-04-14 00:56:10,829 [base.py] => Reducing exemplars...(33 per classes)
2026-04-14 01:08:39,608 [base.py] => Constructing exemplars...(33 per classes)
2026-04-14 01:14:51,467 [tagfex.py] => Exemplar size: 1980
2026-04-14 01:14:51,468 [trainer.py] => CNN: {'total': np.float64(91.08), '00-09': np.float64(94.0), '10-19': np.float64(91.79), '20-29': np.float64(88.97), '30-39': np.float64(90.66), '40-49': np.float64(89.11), '50-59': np.float64(91.99), 'old': np.float64(90.9), 'new': np.float64(91.99)}
2026-04-14 01:14:51,677 [trainer.py] => NME: {'total': np.float64(91.02), '00-09': np.float64(93.82), '10-19': np.float64(91.79), '20-29': np.float64(89.32), '30-39': np.float64(90.66), '40-49': np.float64(89.81), '50-59': np.float64(90.75), 'old': np.float64(91.08), 'new': np.float64(90.75)}
2026-04-14 01:14:51,679 [trainer.py] => CNN top1 curve: [np.float64(91.65), np.float64(91.08)]
2026-04-14 01:14:51,680 [trainer.py] => CNN top5 curve: [np.float64(98.06), np.float64(97.68)]
2026-04-14 01:14:51,681 [trainer.py] => NME top1 curve: [np.float64(91.58), np.float64(91.02)]
2026-04-14 01:14:51,681 [trainer.py] => NME top5 curve: [np.float64(98.13), np.float64(97.89)]

2026-04-14 01:14:51,683 [trainer.py] => Average Accuracy (CNN): 91.36500000000001
2026-04-14 01:14:51,684 [trainer.py] => Average Accuracy (NME): 91.3
2026-04-14 01:14:51,685 [trainer.py] => All params: 38302993
2026-04-14 01:14:51,687 [trainer.py] => Trainable params: 27134161
2026-04-14 01:14:51,944 [tagfex.py] => Learning on 60-70
2026-04-14 01:14:51,947 [tagfex.py] => All params: 49517915
2026-04-14 01:14:51,949 [tagfex.py] => Trainable params: 27180251
2026-04-14 03:08:45,184 [tagfex.py] => Task 2, Epoch 170/170 => Loss 2.259, Loss_clf 0.004, Loss_aux 0.000, Train_accy 100.00
2026-04-14 03:08:45,191 [base.py] => Reducing exemplars...(28 per classes)
2026-04-14 03:23:53,797 [base.py] => Constructing exemplars...(28 per classes)
2026-04-14 03:30:04,241 [tagfex.py] => Exemplar size: 1960
2026-04-14 03:30:04,242 [trainer.py] => CNN: {'total': np.float64(90.22), '00-09': np.float64(92.75), '10-19': np.float64(89.92), '20-29': np.float64(88.35), '30-39': np.float64(90.22), '40-49': np.float64(88.84), '50-59': np.float64(92.08), '60-69': np.float64(89.42), 'old': np.float64(90.36), 'new': np.float64(89.42)}
2026-04-14 03:30:04,244 [trainer.py] => NME: {'total': np.float64(90.46), '00-09': np.float64(93.2), '10-19': np.float64(91.08), '20-29': np.float64(89.5), '30-39': np.float64(90.66), '40-49': np.float64(89.46), '50-59': np.float64(90.48), '60-69': np.float64(88.88), 'old': np.float64(90.73), 'new': np.float64(88.88)}
2026-04-14 03:30:04,245 [trainer.py] => CNN top1 curve: [np.float64(91.65), np.float64(91.08), np.float64(90.22)]
2026-04-14 03:30:04,246 [trainer.py] => CNN top5 curve: [np.float64(98.06), np.float64(97.68), np.float64(97.32)]
2026-04-14 03:30:04,247 [trainer.py] => NME top1 curve: [np.float64(91.58), np.float64(91.02), np.float64(90.46)]
2026-04-14 03:30:04,248 [trainer.py] => NME top5 curve: [np.float64(98.13), np.float64(97.89), np.float64(97.49)]

2026-04-14 03:30:04,249 [trainer.py] => Average Accuracy (CNN): 90.98333333333335
2026-04-14 03:30:04,250 [trainer.py] => Average Accuracy (NME): 91.02
2026-04-14 03:30:04,252 [trainer.py] => All params: 49517915
2026-04-14 03:30:04,253 [trainer.py] => Trainable params: 27180251
2026-04-14 03:30:04,490 [tagfex.py] => Learning on 70-80
2026-04-14 03:30:04,493 [tagfex.py] => All params: 60743077
2026-04-14 03:30:04,495 [tagfex.py] => Trainable params: 27236581
2026-04-14 05:24:39,790 [tagfex.py] => Task 3, Epoch 170/170 => Loss 2.248, Loss_clf 0.005, Loss_aux 0.001, Train_accy 100.00
2026-04-14 05:24:39,795 [base.py] => Reducing exemplars...(25 per classes)
2026-04-14 05:42:39,804 [base.py] => Constructing exemplars...(25 per classes)
2026-04-14 05:48:52,675 [tagfex.py] => Exemplar size: 2000
2026-04-14 05:48:52,676 [trainer.py] => CNN: {'total': np.float64(89.98), '00-09': np.float64(92.3), '10-19': np.float64(89.38), '20-29': np.float64(88.61), '30-39': np.float64(88.51), '40-49': np.float64(87.69), '50-59': np.float64(90.84), '60-69': np.float64(90.31), '70-79': np.float64(92.19), 'old': np.float64(89.66), 'new': np.float64(92.19)}
2026-04-14 05:48:52,887 [trainer.py] => NME: {'total': np.float64(90.02), '00-09': np.float64(92.66), '10-19': np.float64(90.37), '20-29': np.float64(88.7), '30-39': np.float64(89.32), '40-49': np.float64(88.84), '50-59': np.float64(89.95), '60-69': np.float64(88.52), '70-79': np.float64(91.83), 'old': np.float64(89.76), 'new': np.float64(91.83)}
2026-04-14 05:48:52,888 [trainer.py] => CNN top1 curve: [np.float64(91.65), np.float64(91.08), np.float64(90.22), np.float64(89.98)]
2026-04-14 05:48:52,890 [trainer.py] => CNN top5 curve: [np.float64(98.06), np.float64(97.68), np.float64(97.32), np.float64(97.14)]
2026-04-14 05:48:52,892 [trainer.py] => NME top1 curve: [np.float64(91.58), np.float64(91.02), np.float64(90.46), np.float64(90.02)]
2026-04-14 05:48:52,894 [trainer.py] => NME top5 curve: [np.float64(98.13), np.float64(97.89), np.float64(97.49), np.float64(97.31)]

2026-04-14 05:48:52,895 [trainer.py] => Average Accuracy (CNN): 90.73250000000002
2026-04-14 05:48:52,897 [trainer.py] => Average Accuracy (NME): 90.77
2026-04-14 05:48:52,902 [trainer.py] => All params: 60743077
2026-04-14 05:48:52,906 [trainer.py] => Trainable params: 27236581
2026-04-14 05:48:53,158 [tagfex.py] => Learning on 80-90
2026-04-14 05:48:53,161 [tagfex.py] => All params: 71978479
2026-04-14 05:48:53,164 [tagfex.py] => Trainable params: 27303151
2026-04-14 07:44:27,713 [tagfex.py] => Task 4, Epoch 170/170 => Loss 2.252, Loss_clf 0.005, Loss_aux 0.001, Train_accy 100.00
2026-04-14 07:44:27,720 [base.py] => Reducing exemplars...(22 per classes)
2026-04-14 08:04:47,082 [base.py] => Constructing exemplars...(22 per classes)
2026-04-14 08:11:01,220 [tagfex.py] => Exemplar size: 1980
2026-04-14 08:11:01,221 [trainer.py] => CNN: {'total': np.float64(89.21), '00-09': np.float64(92.21), '10-19': np.float64(88.58), '20-29': np.float64(87.01), '30-39': np.float64(87.7), '40-49': np.float64(87.16), '50-59': np.float64(89.86), '60-69': np.float64(89.33), '70-79': np.float64(94.25), '80-89': np.float64(86.85), 'old': np.float64(89.51), 'new': np.float64(86.85)}
2026-04-14 08:11:01,495 [trainer.py] => NME: {'total': np.float64(89.21), '00-09': np.float64(92.57), '10-19': np.float64(88.94), '20-29': np.float64(87.46), '30-39': np.float64(87.88), '40-49': np.float64(87.78), '50-59': np.float64(89.23), '60-69': np.float64(88.16), '70-79': np.float64(91.65), '80-89': np.float64(89.27), 'old': np.float64(89.21), 'new': np.float64(89.27)}
2026-04-14 08:11:01,496 [trainer.py] => CNN top1 curve: [np.float64(91.65), np.float64(91.08), np.float64(90.22), np.float64(89.98), np.float64(89.21)]
2026-04-14 08:11:01,497 [trainer.py] => CNN top5 curve: [np.float64(98.06), np.float64(97.68), np.float64(97.32), np.float64(97.14), np.float64(97.02)]
2026-04-14 08:11:01,498 [trainer.py] => NME top1 curve: [np.float64(91.58), np.float64(91.02), np.float64(90.46), np.float64(90.02), np.float64(89.21)]
2026-04-14 08:11:01,499 [trainer.py] => NME top5 curve: [np.float64(98.13), np.float64(97.89), np.float64(97.49), np.float64(97.31), np.float64(97.13)]

2026-04-14 08:11:01,499 [trainer.py] => Average Accuracy (CNN): 90.42800000000001
2026-04-14 08:11:01,500 [trainer.py] => Average Accuracy (NME): 90.458
2026-04-14 08:11:01,504 [trainer.py] => All params: 71978479
2026-04-14 08:11:01,510 [trainer.py] => Trainable params: 27303151
2026-04-14 08:11:01,688 [tagfex.py] => Learning on 90-100
2026-04-14 08:11:01,691 [tagfex.py] => All params: 83224121
2026-04-14 08:11:01,693 [tagfex.py] => Trainable params: 27379961
2026-04-14 10:07:37,634 [tagfex.py] => Task 5, Epoch 170/170 => Loss 2.198, Loss_clf 0.005, Loss_aux 0.001, Train_accy 100.00
2026-04-14 10:07:37,641 [base.py] => Reducing exemplars...(20 per classes)
2026-04-14 10:30:30,397 [base.py] => Constructing exemplars...(20 per classes)
2026-04-14 10:36:51,909 [tagfex.py] => Exemplar size: 2000
2026-04-14 10:36:51,911 [trainer.py] => CNN: {'total': np.float64(88.32), '00-09': np.float64(92.12), '10-19': np.float64(87.6), '20-29': np.float64(86.12), '30-39': np.float64(85.28), '40-49': np.float64(87.25), '50-59': np.float64(88.79), '60-69': np.float64(88.7), '70-79': np.float64(92.91), '80-89': np.float64(92.31), '90-99': np.float64(82.11), 'old': np.float64(89.0), 'new': np.float64(82.11)}
2026-04-14 10:36:51,913 [trainer.py] => NME: {'total': np.float64(88.46), '00-09': np.float64(92.3), '10-19': np.float64(88.22), '20-29': np.float64(86.57), '30-39': np.float64(86.89), '40-49': np.float64(87.6), '50-59': np.float64(88.79), '60-69': np.float64(87.17), '70-79': np.float64(91.29), '80-89': np.float64(89.09), '90-99': np.float64(86.72), 'old': np.float64(88.66), 'new': np.float64(86.72)}
2026-04-14 10:36:51,914 [trainer.py] => CNN top1 curve: [np.float64(91.65), np.float64(91.08), np.float64(90.22), np.float64(89.98), np.float64(89.21), np.float64(88.32)]
2026-04-14 10:36:51,916 [trainer.py] => CNN top5 curve: [np.float64(98.06), np.float64(97.68), np.float64(97.32), np.float64(97.14), np.float64(97.02), np.float64(96.79)]
2026-04-14 10:36:51,918 [trainer.py] => NME top1 curve: [np.float64(91.58), np.float64(91.02), np.float64(90.46), np.float64(90.02), np.float64(89.21), np.float64(88.46)]
2026-04-14 10:36:51,919 [trainer.py] => NME top5 curve: [np.float64(98.13), np.float64(97.89), np.float64(97.49), np.float64(97.31), np.float64(97.13), np.float64(96.76)]

2026-04-14 10:36:51,920 [trainer.py] => Average Accuracy (CNN): 90.07666666666667
2026-04-14 10:36:51,921 [trainer.py] => Average Accuracy (NME): 90.125
2026-04-14 10:36:51,924 [trainer.py] => Forgetting (CNN): 4.067999999999998
2026-04-14 10:36:51,927 [trainer.py] => Forgetting (NME): 3.2660000000000053
